<?xml version="1.0" encoding="UTF-8"?>
<!-- Generated by org.testng.reporters.JUnitReportReporter -->
<testsuite hostname="DESKTOP-1OMSVH2" name="Academy.LoginPage_Test" tests="2" failures="0" timestamp="7 Jan 2020 02:31:08 GMT" time="18.788" errors="0">
  <testcase name="Navigate_SignIn" time="11.589" classname="Academy.LoginPage_Test"/>
  <testcase name="Navigate_SignIn" time="7.199" classname="Academy.LoginPage_Test"/>
</testsuite> <!-- Academy.LoginPage_Test -->
