<?xml version="1.0" encoding="UTF-8"?>
<!-- Generated by org.testng.reporters.JUnitReportReporter -->
<testsuite hostname="DESKTOP-1OMSVH2" name="Academy.LandingPage_Test" tests="2" failures="0" timestamp="9 Jan 2020 19:33:34 GMT" time="2.890" errors="0">
  <testcase name="ValidateTitle_Home" time="0.059" classname="Academy.LandingPage_Test"/>
  <testcase name="Navigate_Home" time="2.831" classname="Academy.LandingPage_Test"/>
</testsuite> <!-- Academy.LandingPage_Test -->
