<?xml version="1.0" encoding="UTF-8"?>
<!-- Generated by org.testng.reporters.JUnitReportReporter -->
<testsuite hostname="DESKTOP-1OMSVH2" name="Academy.LoginPage_Test" tests="2" failures="0" timestamp="9 Jan 2020 19:33:34 GMT" time="37.067" errors="0">
  <testcase name="Navigate_SignIn" time="28.536" classname="Academy.LoginPage_Test"/>
  <testcase name="Navigate_SignIn" time="8.531" classname="Academy.LoginPage_Test"/>
</testsuite> <!-- Academy.LoginPage_Test -->
